{
  "RSpec": {
    "coverage": {
      "/Users/o607771/Documents/git_repositories/frolf/lib/frolf.rb": [
        1,
        null,
        1,
        null,
        30,
        null,
        null,
        null,
        null,
        null,
        null,
        1,
        null,
        93,
        null,
        null,
        null,
        null,
        null,
        null,
        1,
        null,
        null,
        null
      ],
      "/Users/o607771/Documents/git_repositories/frolf/lib/frolf/bag.rb": [
        1,
        null,
        1,
        1,
        1,
        null,
        1,
        53,
        53,
        53,
        53,
        null,
        null,
        1,
        97,
        null,
        null,
        1,
        61,
        null,
        null,
        1,
        8,
        null,
        null,
        1,
        345,
        345,
        null,
        null,
        1,
        87,
        null,
        null,
        null,
        1,
        447,
        null,
        1,
        15,
        null,
        null,
        null
      ],
      "/Users/o607771/Documents/git_repositories/frolf/lib/frolf/caddie.rb": [
        1,
        null,
        1,
        1,
        null,
        1,
        null,
        null,
        null,
        null,
        null,
        null,
        null,
        null,
        null,
        1,
        21,
        21,
        null,
        null,
        null,
        null,
        1,
        21,
        20,
        null,
        19,
        19,
        253,
        null,
        null,
        91,
        80,
        19,
        null,
        null,
        null,
        1,
        null,
        9,
        null,
        8,
        8,
        null,
        null,
        null,
        null,
        8,
        null,
        null,
        1,
        null,
        null,
        null,
        1,
        1,
        34,
        null,
        null,
        1,
        32,
        32,
        null,
        null,
        1,
        42,
        24,
        2,
        null,
        null,
        1,
        8,
        8,
        32,
        null,
        null,
        null,
        null,
        null,
        null,
        40,
        null,
        null,
        1,
        8,
        8,
        24,
        null,
        null,
        32,
        null,
        null,
        null,
        null
      ],
      "/Users/o607771/Documents/git_repositories/frolf/lib/frolf/disc.rb": [
        1,
        1,
        1,
        null,
        null,
        null,
        null,
        null,
        null,
        null,
        null,
        null,
        null,
        1,
        349,
        349,
        349,
        349,
        349,
        349,
        349,
        349,
        349,
        349,
        null,
        null,
        1,
        1,
        349,
        null,
        null,
        1,
        null,
        null,
        90,
        null,
        93,
        null,
        88,
        null,
        78,
        349,
        null,
        null,
        null,
        1,
        349,
        null,
        0,
        null,
        0,
        null,
        0,
        null,
        349,
        null,
        null,
        null,
        null
      ]
    },
    "timestamp": 1437578278
  }
}
